Date: 2015-06-27 10:44
SG Backup version: 1.0.0
OS: Darwin
Server: Apache/2.4.10 (Unix) PHP/5.5.21
User agent: Mozilla/5.0 (Macintosh; Intel Mac OS X 10.10; rv:38.0) Gecko/20100101 Firefox/38.0
PHP version: 5.5.21
SAPI: apache2handler
Codepage: C
Int size: 8
Int lib: bcmath
Memory limit: 256M
Max execution time: 0
Environment: Magento 1.9.1.1
Backup type: files,database

2015-06-27 10:44: Start backup
2015-06-27 10:44: Start backup database
2015-06-27 10:44: Total tables to backup: 336
2015-06-27 10:44: Total rows to backup: 2676578
2015-06-27 10:44: Start backup table: admin_assert
2015-06-27 10:44: End backup table: admin_assert
2015-06-27 10:44: Start backup table: admin_role
2015-06-27 10:44: End backup table: admin_role
2015-06-27 10:44: Start backup table: admin_rule
2015-06-27 10:44: End backup table: admin_rule
2015-06-27 10:44: Start backup table: admin_user
2015-06-27 10:44: End backup table: admin_user
2015-06-27 10:44: Start backup table: adminnotification_inbox
2015-06-27 10:44: End backup table: adminnotification_inbox
2015-06-27 10:44: Start backup table: api2_acl_attribute
2015-06-27 10:44: End backup table: api2_acl_attribute
2015-06-27 10:44: Start backup table: api2_acl_role
2015-06-27 10:44: End backup table: api2_acl_role
2015-06-27 10:44: Start backup table: api2_acl_rule
2015-06-27 10:44: End backup table: api2_acl_rule
2015-06-27 10:44: Start backup table: api2_acl_user
2015-06-27 10:44: End backup table: api2_acl_user
2015-06-27 10:44: Start backup table: api_assert
2015-06-27 10:44: End backup table: api_assert
2015-06-27 10:44: Start backup table: api_role
2015-06-27 10:44: End backup table: api_role
2015-06-27 10:44: Start backup table: api_rule
2015-06-27 10:44: End backup table: api_rule
2015-06-27 10:44: Start backup table: api_session
2015-06-27 10:44: End backup table: api_session
2015-06-27 10:44: Start backup table: api_user
2015-06-27 10:44: End backup table: api_user
2015-06-27 10:44: Start backup table: blocks
2015-06-27 10:46: End backup table: blocks
2015-06-27 10:46: Start backup table: captcha_log
2015-06-27 10:46: End backup table: captcha_log
2015-06-27 10:46: Start backup table: catalog_category_anc_categs_index_idx
2015-06-27 10:46: End backup table: catalog_category_anc_categs_index_idx
2015-06-27 10:46: Start backup table: catalog_category_anc_categs_index_tmp
2015-06-27 10:46: End backup table: catalog_category_anc_categs_index_tmp
2015-06-27 10:46: Start backup table: catalog_category_anc_products_index_idx
2015-06-27 10:46: End backup table: catalog_category_anc_products_index_idx
2015-06-27 10:46: Start backup table: catalog_category_anc_products_index_tmp
2015-06-27 10:46: End backup table: catalog_category_anc_products_index_tmp
2015-06-27 10:46: Start backup table: catalog_category_entity
2015-06-27 10:46: End backup table: catalog_category_entity
2015-06-27 10:46: Start backup table: catalog_category_entity_datetime
2015-06-27 10:46: End backup table: catalog_category_entity_datetime
2015-06-27 10:46: Start backup table: catalog_category_entity_decimal
2015-06-27 10:46: End backup table: catalog_category_entity_decimal
2015-06-27 10:46: Start backup table: catalog_category_entity_int
2015-06-27 10:46: End backup table: catalog_category_entity_int
2015-06-27 10:46: Start backup table: catalog_category_entity_text
2015-06-27 10:46: End backup table: catalog_category_entity_text
2015-06-27 10:46: Start backup table: catalog_category_entity_varchar
2015-06-27 10:46: End backup table: catalog_category_entity_varchar
2015-06-27 10:46: Start backup table: catalog_category_flat_store_1
2015-06-27 10:46: End backup table: catalog_category_flat_store_1
2015-06-27 10:46: Start backup table: catalog_category_product
2015-06-27 10:46: End backup table: catalog_category_product
2015-06-27 10:46: Start backup table: catalog_category_product_index
2015-06-27 10:46: End backup table: catalog_category_product_index
2015-06-27 10:46: Start backup table: catalog_category_product_index_enbl_idx
2015-06-27 10:46: End backup table: catalog_category_product_index_enbl_idx
2015-06-27 10:46: Start backup table: catalog_category_product_index_enbl_tmp
2015-06-27 10:46: End backup table: catalog_category_product_index_enbl_tmp
2015-06-27 10:46: Start backup table: catalog_category_product_index_idx
2015-06-27 10:46: End backup table: catalog_category_product_index_idx
2015-06-27 10:46: Start backup table: catalog_category_product_index_tmp
2015-06-27 10:46: End backup table: catalog_category_product_index_tmp
2015-06-27 10:46: Start backup table: catalog_compare_item
2015-06-27 10:46: End backup table: catalog_compare_item
2015-06-27 10:46: Start backup table: catalog_eav_attribute
2015-06-27 10:46: End backup table: catalog_eav_attribute
2015-06-27 10:46: Start backup table: catalog_product_bundle_option
2015-06-27 10:46: End backup table: catalog_product_bundle_option
2015-06-27 10:46: Start backup table: catalog_product_bundle_option_value
2015-06-27 10:46: End backup table: catalog_product_bundle_option_value
2015-06-27 10:46: Start backup table: catalog_product_bundle_price_index
2015-06-27 10:46: End backup table: catalog_product_bundle_price_index
2015-06-27 10:46: Start backup table: catalog_product_bundle_selection
2015-06-27 10:46: End backup table: catalog_product_bundle_selection
2015-06-27 10:46: Start backup table: catalog_product_bundle_selection_price
2015-06-27 10:46: End backup table: catalog_product_bundle_selection_price
2015-06-27 10:46: Start backup table: catalog_product_bundle_stock_index
2015-06-27 10:46: End backup table: catalog_product_bundle_stock_index
2015-06-27 10:46: Start backup table: catalog_product_enabled_index
2015-06-27 10:46: End backup table: catalog_product_enabled_index
2015-06-27 10:46: Start backup table: catalog_product_entity
2015-06-27 10:46: End backup table: catalog_product_entity
2015-06-27 10:46: Start backup table: catalog_product_entity_datetime
2015-06-27 10:46: End backup table: catalog_product_entity_datetime
2015-06-27 10:46: Start backup table: catalog_product_entity_decimal
2015-06-27 10:46: End backup table: catalog_product_entity_decimal
2015-06-27 10:46: Start backup table: catalog_product_entity_gallery
2015-06-27 10:46: End backup table: catalog_product_entity_gallery
2015-06-27 10:46: Start backup table: catalog_product_entity_group_price
2015-06-27 10:46: End backup table: catalog_product_entity_group_price
2015-06-27 10:46: Start backup table: catalog_product_entity_int
2015-06-27 10:46: End backup table: catalog_product_entity_int
2015-06-27 10:46: Start backup table: catalog_product_entity_media_gallery
2015-06-27 10:46: End backup table: catalog_product_entity_media_gallery
2015-06-27 10:46: Start backup table: catalog_product_entity_media_gallery_value
2015-06-27 10:46: End backup table: catalog_product_entity_media_gallery_value
2015-06-27 10:46: Start backup table: catalog_product_entity_text
2015-06-27 10:46: End backup table: catalog_product_entity_text
2015-06-27 10:46: Start backup table: catalog_product_entity_tier_price
2015-06-27 10:46: End backup table: catalog_product_entity_tier_price
2015-06-27 10:46: Start backup table: catalog_product_entity_varchar
2015-06-27 10:46: End backup table: catalog_product_entity_varchar
2015-06-27 10:46: Start backup table: catalog_product_flat_1
2015-06-27 10:46: End backup table: catalog_product_flat_1
2015-06-27 10:46: Start backup table: catalog_product_index_eav
2015-06-27 10:46: End backup table: catalog_product_index_eav
2015-06-27 10:46: Start backup table: catalog_product_index_eav_decimal
2015-06-27 10:46: End backup table: catalog_product_index_eav_decimal
2015-06-27 10:46: Start backup table: catalog_product_index_eav_decimal_idx
2015-06-27 10:46: End backup table: catalog_product_index_eav_decimal_idx
2015-06-27 10:46: Start backup table: catalog_product_index_eav_decimal_tmp
2015-06-27 10:46: End backup table: catalog_product_index_eav_decimal_tmp
2015-06-27 10:46: Start backup table: catalog_product_index_eav_idx
2015-06-27 10:46: End backup table: catalog_product_index_eav_idx
2015-06-27 10:46: Start backup table: catalog_product_index_eav_tmp
2015-06-27 10:46: End backup table: catalog_product_index_eav_tmp
2015-06-27 10:46: Start backup table: catalog_product_index_group_price
2015-06-27 10:46: End backup table: catalog_product_index_group_price
2015-06-27 10:46: Start backup table: catalog_product_index_price
2015-06-27 10:46: End backup table: catalog_product_index_price
2015-06-27 10:46: Start backup table: catalog_product_index_price_bundle_idx
2015-06-27 10:46: End backup table: catalog_product_index_price_bundle_idx
2015-06-27 10:46: Start backup table: catalog_product_index_price_bundle_opt_idx
2015-06-27 10:46: End backup table: catalog_product_index_price_bundle_opt_idx
2015-06-27 10:46: Start backup table: catalog_product_index_price_bundle_opt_tmp
2015-06-27 10:46: End backup table: catalog_product_index_price_bundle_opt_tmp
2015-06-27 10:46: Start backup table: catalog_product_index_price_bundle_sel_idx
2015-06-27 10:46: End backup table: catalog_product_index_price_bundle_sel_idx
2015-06-27 10:46: Start backup table: catalog_product_index_price_bundle_sel_tmp
2015-06-27 10:46: End backup table: catalog_product_index_price_bundle_sel_tmp
2015-06-27 10:46: Start backup table: catalog_product_index_price_bundle_tmp
2015-06-27 10:46: End backup table: catalog_product_index_price_bundle_tmp
2015-06-27 10:46: Start backup table: catalog_product_index_price_cfg_opt_agr_idx
2015-06-27 10:46: End backup table: catalog_product_index_price_cfg_opt_agr_idx
2015-06-27 10:46: Start backup table: catalog_product_index_price_cfg_opt_agr_tmp
2015-06-27 10:46: End backup table: catalog_product_index_price_cfg_opt_agr_tmp
2015-06-27 10:46: Start backup table: catalog_product_index_price_cfg_opt_idx
2015-06-27 10:46: End backup table: catalog_product_index_price_cfg_opt_idx
2015-06-27 10:46: Start backup table: catalog_product_index_price_cfg_opt_tmp
2015-06-27 10:46: End backup table: catalog_product_index_price_cfg_opt_tmp
2015-06-27 10:46: Start backup table: catalog_product_index_price_downlod_idx
2015-06-27 10:46: End backup table: catalog_product_index_price_downlod_idx
2015-06-27 10:46: Start backup table: catalog_product_index_price_downlod_tmp
2015-06-27 10:46: End backup table: catalog_product_index_price_downlod_tmp
2015-06-27 10:46: Start backup table: catalog_product_index_price_final_idx
2015-06-27 10:46: End backup table: catalog_product_index_price_final_idx
2015-06-27 10:46: Start backup table: catalog_product_index_price_final_tmp
2015-06-27 10:46: End backup table: catalog_product_index_price_final_tmp
2015-06-27 10:46: Start backup table: catalog_product_index_price_idx
2015-06-27 10:46: End backup table: catalog_product_index_price_idx
2015-06-27 10:46: Start backup table: catalog_product_index_price_opt_agr_idx
2015-06-27 10:46: End backup table: catalog_product_index_price_opt_agr_idx
2015-06-27 10:46: Start backup table: catalog_product_index_price_opt_agr_tmp
2015-06-27 10:46: End backup table: catalog_product_index_price_opt_agr_tmp
2015-06-27 10:46: Start backup table: catalog_product_index_price_opt_idx
2015-06-27 10:46: End backup table: catalog_product_index_price_opt_idx
2015-06-27 10:46: Start backup table: catalog_product_index_price_opt_tmp
2015-06-27 10:46: End backup table: catalog_product_index_price_opt_tmp
2015-06-27 10:46: Start backup table: catalog_product_index_price_tmp
2015-06-27 10:46: End backup table: catalog_product_index_price_tmp
2015-06-27 10:46: Start backup table: catalog_product_index_tier_price
2015-06-27 10:46: End backup table: catalog_product_index_tier_price
2015-06-27 10:46: Start backup table: catalog_product_index_website
2015-06-27 10:46: End backup table: catalog_product_index_website
2015-06-27 10:46: Start backup table: catalog_product_link
2015-06-27 10:46: End backup table: catalog_product_link
2015-06-27 10:46: Start backup table: catalog_product_link_attribute
2015-06-27 10:46: End backup table: catalog_product_link_attribute
2015-06-27 10:46: Start backup table: catalog_product_link_attribute_decimal
2015-06-27 10:46: End backup table: catalog_product_link_attribute_decimal
2015-06-27 10:46: Start backup table: catalog_product_link_attribute_int
2015-06-27 10:46: End backup table: catalog_product_link_attribute_int
2015-06-27 10:46: Start backup table: catalog_product_link_attribute_varchar
2015-06-27 10:46: End backup table: catalog_product_link_attribute_varchar
2015-06-27 10:46: Start backup table: catalog_product_link_type
2015-06-27 10:46: End backup table: catalog_product_link_type
2015-06-27 10:46: Start backup table: catalog_product_option
2015-06-27 10:46: End backup table: catalog_product_option
2015-06-27 10:46: Start backup table: catalog_product_option_price
2015-06-27 10:46: End backup table: catalog_product_option_price
2015-06-27 10:46: Start backup table: catalog_product_option_title
2015-06-27 10:46: End backup table: catalog_product_option_title
2015-06-27 10:46: Start backup table: catalog_product_option_type_price
2015-06-27 10:46: End backup table: catalog_product_option_type_price
2015-06-27 10:46: Start backup table: catalog_product_option_type_title
2015-06-27 10:46: End backup table: catalog_product_option_type_title
2015-06-27 10:46: Start backup table: catalog_product_option_type_value
2015-06-27 10:46: End backup table: catalog_product_option_type_value
2015-06-27 10:46: Start backup table: catalog_product_relation
2015-06-27 10:46: End backup table: catalog_product_relation
2015-06-27 10:46: Start backup table: catalog_product_super_attribute
2015-06-27 10:46: End backup table: catalog_product_super_attribute
2015-06-27 10:46: Start backup table: catalog_product_super_attribute_label
2015-06-27 10:46: End backup table: catalog_product_super_attribute_label
2015-06-27 10:46: Start backup table: catalog_product_super_attribute_pricing
2015-06-27 10:46: End backup table: catalog_product_super_attribute_pricing
2015-06-27 10:46: Start backup table: catalog_product_super_link
2015-06-27 10:46: End backup table: catalog_product_super_link
2015-06-27 10:46: Start backup table: catalog_product_website
2015-06-27 10:46: End backup table: catalog_product_website
2015-06-27 10:46: Start backup table: cataloginventory_stock
2015-06-27 10:46: End backup table: cataloginventory_stock
2015-06-27 10:46: Start backup table: cataloginventory_stock_item
2015-06-27 10:46: End backup table: cataloginventory_stock_item
2015-06-27 10:46: Start backup table: cataloginventory_stock_status
2015-06-27 10:46: End backup table: cataloginventory_stock_status
2015-06-27 10:46: Start backup table: cataloginventory_stock_status_idx
2015-06-27 10:46: End backup table: cataloginventory_stock_status_idx
2015-06-27 10:46: Start backup table: cataloginventory_stock_status_tmp
2015-06-27 10:46: End backup table: cataloginventory_stock_status_tmp
2015-06-27 10:46: Start backup table: catalogrule
2015-06-27 10:46: End backup table: catalogrule
2015-06-27 10:46: Start backup table: catalogrule_affected_product
2015-06-27 10:46: End backup table: catalogrule_affected_product
2015-06-27 10:46: Start backup table: catalogrule_customer_group
2015-06-27 10:46: End backup table: catalogrule_customer_group
2015-06-27 10:46: Start backup table: catalogrule_group_website
2015-06-27 10:46: End backup table: catalogrule_group_website
2015-06-27 10:46: Start backup table: catalogrule_product
2015-06-27 10:46: End backup table: catalogrule_product
2015-06-27 10:46: Start backup table: catalogrule_product_price
2015-06-27 10:46: End backup table: catalogrule_product_price
2015-06-27 10:46: Start backup table: catalogrule_website
2015-06-27 10:46: End backup table: catalogrule_website
2015-06-27 10:46: Start backup table: catalogsearch_fulltext
2015-06-27 10:46: End backup table: catalogsearch_fulltext
2015-06-27 10:46: Start backup table: catalogsearch_query
2015-06-27 10:46: End backup table: catalogsearch_query
2015-06-27 10:46: Start backup table: catalogsearch_result
2015-06-27 10:46: End backup table: catalogsearch_result
2015-06-27 10:46: Start backup table: checkout_agreement
2015-06-27 10:46: End backup table: checkout_agreement
2015-06-27 10:46: Start backup table: checkout_agreement_store
2015-06-27 10:46: End backup table: checkout_agreement_store
2015-06-27 10:46: Start backup table: cms_block
2015-06-27 10:46: End backup table: cms_block
2015-06-27 10:46: Start backup table: cms_block_store
2015-06-27 10:46: End backup table: cms_block_store
2015-06-27 10:46: Start backup table: cms_page
2015-06-27 10:46: End backup table: cms_page
2015-06-27 10:46: Start backup table: cms_page_store
2015-06-27 10:46: End backup table: cms_page_store
2015-06-27 10:46: Start backup table: core_cache
2015-06-27 10:46: End backup table: core_cache
2015-06-27 10:46: Start backup table: core_cache_option
2015-06-27 10:46: End backup table: core_cache_option
2015-06-27 10:46: Start backup table: core_cache_tag
2015-06-27 10:46: End backup table: core_cache_tag
2015-06-27 10:46: Start backup table: core_config_data
2015-06-27 10:46: End backup table: core_config_data
2015-06-27 10:46: Start backup table: core_email_queue
2015-06-27 10:46: End backup table: core_email_queue
2015-06-27 10:46: Start backup table: core_email_queue_recipients
2015-06-27 10:46: End backup table: core_email_queue_recipients
2015-06-27 10:46: Start backup table: core_email_template
2015-06-27 10:46: End backup table: core_email_template
2015-06-27 10:46: Start backup table: core_flag
2015-06-27 10:46: End backup table: core_flag
2015-06-27 10:46: Start backup table: core_layout_link
2015-06-27 10:46: End backup table: core_layout_link
2015-06-27 10:46: Start backup table: core_layout_update
2015-06-27 10:46: End backup table: core_layout_update
2015-06-27 10:46: Start backup table: core_resource
2015-06-27 10:46: End backup table: core_resource
2015-06-27 10:46: Start backup table: core_session
2015-06-27 10:46: End backup table: core_session
2015-06-27 10:46: Start backup table: core_store
2015-06-27 10:46: End backup table: core_store
2015-06-27 10:46: Start backup table: core_store_group
2015-06-27 10:46: End backup table: core_store_group
2015-06-27 10:46: Start backup table: core_translate
2015-06-27 10:46: End backup table: core_translate
2015-06-27 10:46: Start backup table: core_url_rewrite
2015-06-27 10:46: End backup table: core_url_rewrite
2015-06-27 10:46: Start backup table: core_variable
2015-06-27 10:46: End backup table: core_variable
2015-06-27 10:46: Start backup table: core_variable_value
2015-06-27 10:46: End backup table: core_variable_value
2015-06-27 10:46: Start backup table: core_website
2015-06-27 10:46: End backup table: core_website
2015-06-27 10:46: Start backup table: coupon_aggregated
2015-06-27 10:46: End backup table: coupon_aggregated
2015-06-27 10:46: Start backup table: coupon_aggregated_order
2015-06-27 10:46: End backup table: coupon_aggregated_order
2015-06-27 10:46: Start backup table: coupon_aggregated_updated
2015-06-27 10:46: End backup table: coupon_aggregated_updated
2015-06-27 10:46: Start backup table: cron_schedule
2015-06-27 10:46: End backup table: cron_schedule
2015-06-27 10:46: Start backup table: customer_address_entity
2015-06-27 10:46: End backup table: customer_address_entity
2015-06-27 10:46: Start backup table: customer_address_entity_datetime
2015-06-27 10:46: End backup table: customer_address_entity_datetime
2015-06-27 10:46: Start backup table: customer_address_entity_decimal
2015-06-27 10:46: End backup table: customer_address_entity_decimal
2015-06-27 10:46: Start backup table: customer_address_entity_int
2015-06-27 10:46: End backup table: customer_address_entity_int
2015-06-27 10:46: Start backup table: customer_address_entity_text
2015-06-27 10:46: End backup table: customer_address_entity_text
2015-06-27 10:46: Start backup table: customer_address_entity_varchar
2015-06-27 10:46: End backup table: customer_address_entity_varchar
2015-06-27 10:46: Start backup table: customer_eav_attribute
2015-06-27 10:46: End backup table: customer_eav_attribute
2015-06-27 10:46: Start backup table: customer_eav_attribute_website
2015-06-27 10:46: End backup table: customer_eav_attribute_website
2015-06-27 10:46: Start backup table: customer_entity
2015-06-27 10:46: End backup table: customer_entity
2015-06-27 10:46: Start backup table: customer_entity_datetime
2015-06-27 10:46: End backup table: customer_entity_datetime
2015-06-27 10:46: Start backup table: customer_entity_decimal
2015-06-27 10:46: End backup table: customer_entity_decimal
2015-06-27 10:46: Start backup table: customer_entity_int
2015-06-27 10:46: End backup table: customer_entity_int
2015-06-27 10:46: Start backup table: customer_entity_text
2015-06-27 10:46: End backup table: customer_entity_text
2015-06-27 10:46: Start backup table: customer_entity_varchar
2015-06-27 10:46: End backup table: customer_entity_varchar
2015-06-27 10:46: Start backup table: customer_form_attribute
2015-06-27 10:46: End backup table: customer_form_attribute
2015-06-27 10:46: Start backup table: customer_group
2015-06-27 10:46: End backup table: customer_group
2015-06-27 10:46: Start backup table: dataflow_batch
2015-06-27 10:46: End backup table: dataflow_batch
2015-06-27 10:46: Start backup table: dataflow_batch_export
2015-06-27 10:46: End backup table: dataflow_batch_export
2015-06-27 10:46: Start backup table: dataflow_batch_import
2015-06-27 10:46: End backup table: dataflow_batch_import
2015-06-27 10:46: Start backup table: dataflow_import_data
2015-06-27 10:46: End backup table: dataflow_import_data
2015-06-27 10:46: Start backup table: dataflow_profile
2015-06-27 10:46: End backup table: dataflow_profile
2015-06-27 10:46: Start backup table: dataflow_profile_history
2015-06-27 10:46: End backup table: dataflow_profile_history
2015-06-27 10:46: Start backup table: dataflow_session
2015-06-27 10:46: End backup table: dataflow_session
2015-06-27 10:46: Start backup table: design_change
2015-06-27 10:46: End backup table: design_change
2015-06-27 10:46: Start backup table: directory_country
2015-06-27 10:46: End backup table: directory_country
2015-06-27 10:46: Start backup table: directory_country_format
2015-06-27 10:46: End backup table: directory_country_format
2015-06-27 10:46: Start backup table: directory_country_region
2015-06-27 10:46: End backup table: directory_country_region
2015-06-27 10:46: Start backup table: directory_country_region_name
2015-06-27 10:46: End backup table: directory_country_region_name
2015-06-27 10:46: Start backup table: directory_currency_rate
2015-06-27 10:46: End backup table: directory_currency_rate
2015-06-27 10:46: Start backup table: downloadable_link
2015-06-27 10:46: End backup table: downloadable_link
2015-06-27 10:46: Start backup table: downloadable_link_price
2015-06-27 10:46: End backup table: downloadable_link_price
2015-06-27 10:46: Start backup table: downloadable_link_purchased
2015-06-27 10:46: End backup table: downloadable_link_purchased
2015-06-27 10:46: Start backup table: downloadable_link_purchased_item
2015-06-27 10:46: End backup table: downloadable_link_purchased_item
2015-06-27 10:46: Start backup table: downloadable_link_title
2015-06-27 10:46: End backup table: downloadable_link_title
2015-06-27 10:46: Start backup table: downloadable_sample
2015-06-27 10:46: End backup table: downloadable_sample
2015-06-27 10:46: Start backup table: downloadable_sample_title
2015-06-27 10:46: End backup table: downloadable_sample_title
2015-06-27 10:46: Start backup table: eav_attribute
2015-06-27 10:46: End backup table: eav_attribute
2015-06-27 10:46: Start backup table: eav_attribute_group
2015-06-27 10:46: End backup table: eav_attribute_group
2015-06-27 10:46: Start backup table: eav_attribute_label
2015-06-27 10:46: End backup table: eav_attribute_label
2015-06-27 10:46: Start backup table: eav_attribute_option
2015-06-27 10:46: End backup table: eav_attribute_option
2015-06-27 10:46: Start backup table: eav_attribute_option_value
2015-06-27 10:46: End backup table: eav_attribute_option_value
2015-06-27 10:46: Start backup table: eav_attribute_set
2015-06-27 10:46: End backup table: eav_attribute_set
2015-06-27 10:46: Start backup table: eav_entity
2015-06-27 10:46: End backup table: eav_entity
2015-06-27 10:46: Start backup table: eav_entity_attribute
2015-06-27 10:46: End backup table: eav_entity_attribute
2015-06-27 10:46: Start backup table: eav_entity_datetime
2015-06-27 10:46: End backup table: eav_entity_datetime
2015-06-27 10:46: Start backup table: eav_entity_decimal
2015-06-27 10:46: End backup table: eav_entity_decimal
2015-06-27 10:46: Start backup table: eav_entity_int
2015-06-27 10:46: End backup table: eav_entity_int
2015-06-27 10:46: Start backup table: eav_entity_store
2015-06-27 10:46: End backup table: eav_entity_store
2015-06-27 10:46: Start backup table: eav_entity_text
2015-06-27 10:46: End backup table: eav_entity_text
2015-06-27 10:46: Start backup table: eav_entity_type
2015-06-27 10:46: End backup table: eav_entity_type
2015-06-27 10:46: Start backup table: eav_entity_varchar
2015-06-27 10:46: End backup table: eav_entity_varchar
2015-06-27 10:46: Start backup table: eav_form_element
2015-06-27 10:46: End backup table: eav_form_element
2015-06-27 10:46: Start backup table: eav_form_fieldset
2015-06-27 10:46: End backup table: eav_form_fieldset
2015-06-27 10:46: Start backup table: eav_form_fieldset_label
2015-06-27 10:46: End backup table: eav_form_fieldset_label
2015-06-27 10:46: Start backup table: eav_form_type
2015-06-27 10:46: End backup table: eav_form_type
2015-06-27 10:46: Start backup table: eav_form_type_entity
2015-06-27 10:46: End backup table: eav_form_type_entity
2015-06-27 10:46: Start backup table: gift_message
2015-06-27 10:46: End backup table: gift_message
2015-06-27 10:46: Start backup table: importexport_importdata
2015-06-27 10:46: End backup table: importexport_importdata
2015-06-27 10:46: Start backup table: index_event
2015-06-27 10:46: End backup table: index_event
2015-06-27 10:46: Start backup table: index_process
2015-06-27 10:46: End backup table: index_process
2015-06-27 10:46: Start backup table: index_process_event
2015-06-27 10:46: End backup table: index_process_event
2015-06-27 10:46: Start backup table: location
2015-06-27 10:46: End backup table: location
2015-06-27 10:46: Start backup table: log_customer
2015-06-27 10:46: End backup table: log_customer
2015-06-27 10:46: Start backup table: log_quote
2015-06-27 10:46: End backup table: log_quote
2015-06-27 10:46: Start backup table: log_summary
2015-06-27 10:46: End backup table: log_summary
2015-06-27 10:46: Start backup table: log_summary_type
2015-06-27 10:46: End backup table: log_summary_type
2015-06-27 10:46: Start backup table: log_url
2015-06-27 10:46: End backup table: log_url
2015-06-27 10:46: Start backup table: log_url_info
2015-06-27 10:46: End backup table: log_url_info
2015-06-27 10:46: Start backup table: log_visitor
2015-06-27 10:46: End backup table: log_visitor
2015-06-27 10:46: Start backup table: log_visitor_info
2015-06-27 10:46: End backup table: log_visitor_info
2015-06-27 10:46: Start backup table: log_visitor_online
2015-06-27 10:46: End backup table: log_visitor_online
2015-06-27 10:46: Start backup table: magebackupfree_backups
2015-06-27 10:46: End backup table: magebackupfree_backups
2015-06-27 10:46: Start backup table: newsletter_problem
2015-06-27 10:46: End backup table: newsletter_problem
2015-06-27 10:46: Start backup table: newsletter_queue
2015-06-27 10:46: End backup table: newsletter_queue
2015-06-27 10:46: Start backup table: newsletter_queue_link
2015-06-27 10:46: End backup table: newsletter_queue_link
2015-06-27 10:46: Start backup table: newsletter_queue_store_link
2015-06-27 10:46: End backup table: newsletter_queue_store_link
2015-06-27 10:46: Start backup table: newsletter_subscriber
2015-06-27 10:46: End backup table: newsletter_subscriber
2015-06-27 10:46: Start backup table: newsletter_template
2015-06-27 10:46: End backup table: newsletter_template
2015-06-27 10:46: Start backup table: oauth_consumer
2015-06-27 10:46: End backup table: oauth_consumer
2015-06-27 10:46: Start backup table: oauth_nonce
2015-06-27 10:46: End backup table: oauth_nonce
2015-06-27 10:46: Start backup table: oauth_token
2015-06-27 10:46: End backup table: oauth_token
2015-06-27 10:46: Start backup table: paypal_cert
2015-06-27 10:46: End backup table: paypal_cert
2015-06-27 10:46: Start backup table: paypal_payment_transaction
2015-06-27 10:46: End backup table: paypal_payment_transaction
2015-06-27 10:46: Start backup table: paypal_settlement_report
2015-06-27 10:46: End backup table: paypal_settlement_report
2015-06-27 10:46: Start backup table: paypal_settlement_report_row
2015-06-27 10:46: End backup table: paypal_settlement_report_row
2015-06-27 10:46: Start backup table: persistent_session
2015-06-27 10:46: End backup table: persistent_session
2015-06-27 10:46: Start backup table: poll
2015-06-27 10:46: End backup table: poll
2015-06-27 10:46: Start backup table: poll_answer
2015-06-27 10:46: End backup table: poll_answer
2015-06-27 10:46: Start backup table: poll_store
2015-06-27 10:46: End backup table: poll_store
2015-06-27 10:46: Start backup table: poll_vote
2015-06-27 10:46: End backup table: poll_vote
2015-06-27 10:46: Start backup table: product_alert_price
2015-06-27 10:46: End backup table: product_alert_price
2015-06-27 10:46: Start backup table: product_alert_stock
2015-06-27 10:46: End backup table: product_alert_stock
2015-06-27 10:46: Start backup table: rating
2015-06-27 10:46: End backup table: rating
2015-06-27 10:46: Start backup table: rating_entity
2015-06-27 10:46: End backup table: rating_entity
2015-06-27 10:46: Start backup table: rating_option
2015-06-27 10:46: End backup table: rating_option
2015-06-27 10:46: Start backup table: rating_option_vote
2015-06-27 10:46: End backup table: rating_option_vote
2015-06-27 10:46: Start backup table: rating_option_vote_aggregated
2015-06-27 10:46: End backup table: rating_option_vote_aggregated
2015-06-27 10:46: Start backup table: rating_store
2015-06-27 10:46: End backup table: rating_store
2015-06-27 10:46: Start backup table: rating_title
2015-06-27 10:46: End backup table: rating_title
2015-06-27 10:46: Start backup table: report_compared_product_index
2015-06-27 10:46: End backup table: report_compared_product_index
2015-06-27 10:46: Start backup table: report_event
2015-06-27 10:46: End backup table: report_event
2015-06-27 10:46: Start backup table: report_event_types
2015-06-27 10:46: End backup table: report_event_types
2015-06-27 10:46: Start backup table: report_viewed_product_aggregated_daily
2015-06-27 10:46: End backup table: report_viewed_product_aggregated_daily
2015-06-27 10:46: Start backup table: report_viewed_product_aggregated_monthly
2015-06-27 10:46: End backup table: report_viewed_product_aggregated_monthly
2015-06-27 10:46: Start backup table: report_viewed_product_aggregated_yearly
2015-06-27 10:46: End backup table: report_viewed_product_aggregated_yearly
2015-06-27 10:46: Start backup table: report_viewed_product_index
2015-06-27 10:46: End backup table: report_viewed_product_index
2015-06-27 10:46: Start backup table: review
2015-06-27 10:46: End backup table: review
2015-06-27 10:46: Start backup table: review_detail
2015-06-27 10:46: End backup table: review_detail
2015-06-27 10:46: Start backup table: review_entity
2015-06-27 10:46: End backup table: review_entity
2015-06-27 10:46: Start backup table: review_entity_summary
2015-06-27 10:46: End backup table: review_entity_summary
2015-06-27 10:46: Start backup table: review_status
2015-06-27 10:46: End backup table: review_status
2015-06-27 10:46: Start backup table: review_store
2015-06-27 10:46: End backup table: review_store
2015-06-27 10:46: Start backup table: sales_bestsellers_aggregated_daily
2015-06-27 10:46: End backup table: sales_bestsellers_aggregated_daily
2015-06-27 10:46: Start backup table: sales_bestsellers_aggregated_monthly
2015-06-27 10:46: End backup table: sales_bestsellers_aggregated_monthly
2015-06-27 10:46: Start backup table: sales_bestsellers_aggregated_yearly
2015-06-27 10:46: End backup table: sales_bestsellers_aggregated_yearly
2015-06-27 10:46: Start backup table: sales_billing_agreement
2015-06-27 10:46: End backup table: sales_billing_agreement
2015-06-27 10:46: Start backup table: sales_billing_agreement_order
2015-06-27 10:46: End backup table: sales_billing_agreement_order
2015-06-27 10:46: Start backup table: sales_flat_creditmemo
2015-06-27 10:46: End backup table: sales_flat_creditmemo
2015-06-27 10:46: Start backup table: sales_flat_creditmemo_comment
2015-06-27 10:46: End backup table: sales_flat_creditmemo_comment
2015-06-27 10:46: Start backup table: sales_flat_creditmemo_grid
2015-06-27 10:46: End backup table: sales_flat_creditmemo_grid
2015-06-27 10:46: Start backup table: sales_flat_creditmemo_item
2015-06-27 10:46: End backup table: sales_flat_creditmemo_item
2015-06-27 10:46: Start backup table: sales_flat_invoice
2015-06-27 10:46: End backup table: sales_flat_invoice
2015-06-27 10:46: Start backup table: sales_flat_invoice_comment
2015-06-27 10:46: End backup table: sales_flat_invoice_comment
2015-06-27 10:46: Start backup table: sales_flat_invoice_grid
2015-06-27 10:46: End backup table: sales_flat_invoice_grid
2015-06-27 10:46: Start backup table: sales_flat_invoice_item
2015-06-27 10:46: End backup table: sales_flat_invoice_item
2015-06-27 10:46: Start backup table: sales_flat_order
2015-06-27 10:46: End backup table: sales_flat_order
2015-06-27 10:46: Start backup table: sales_flat_order_address
2015-06-27 10:46: End backup table: sales_flat_order_address
2015-06-27 10:46: Start backup table: sales_flat_order_grid
2015-06-27 10:46: End backup table: sales_flat_order_grid
2015-06-27 10:46: Start backup table: sales_flat_order_item
2015-06-27 10:46: End backup table: sales_flat_order_item
2015-06-27 10:46: Start backup table: sales_flat_order_payment
2015-06-27 10:46: End backup table: sales_flat_order_payment
2015-06-27 10:46: Start backup table: sales_flat_order_status_history
2015-06-27 10:46: End backup table: sales_flat_order_status_history
2015-06-27 10:46: Start backup table: sales_flat_quote
2015-06-27 10:46: End backup table: sales_flat_quote
2015-06-27 10:46: Start backup table: sales_flat_quote_address
2015-06-27 10:46: End backup table: sales_flat_quote_address
2015-06-27 10:46: Start backup table: sales_flat_quote_address_item
2015-06-27 10:46: End backup table: sales_flat_quote_address_item
2015-06-27 10:46: Start backup table: sales_flat_quote_item
2015-06-27 10:46: End backup table: sales_flat_quote_item
2015-06-27 10:46: Start backup table: sales_flat_quote_item_option
2015-06-27 10:46: End backup table: sales_flat_quote_item_option
2015-06-27 10:46: Start backup table: sales_flat_quote_payment
2015-06-27 10:46: End backup table: sales_flat_quote_payment
2015-06-27 10:46: Start backup table: sales_flat_quote_shipping_rate
2015-06-27 10:46: End backup table: sales_flat_quote_shipping_rate
2015-06-27 10:46: Start backup table: sales_flat_shipment
2015-06-27 10:46: End backup table: sales_flat_shipment
2015-06-27 10:46: Start backup table: sales_flat_shipment_comment
2015-06-27 10:46: End backup table: sales_flat_shipment_comment
2015-06-27 10:46: Start backup table: sales_flat_shipment_grid
2015-06-27 10:46: End backup table: sales_flat_shipment_grid
2015-06-27 10:46: Start backup table: sales_flat_shipment_item
2015-06-27 10:46: End backup table: sales_flat_shipment_item
2015-06-27 10:46: Start backup table: sales_flat_shipment_track
2015-06-27 10:46: End backup table: sales_flat_shipment_track
2015-06-27 10:46: Start backup table: sales_invoiced_aggregated
2015-06-27 10:46: End backup table: sales_invoiced_aggregated
2015-06-27 10:46: Start backup table: sales_invoiced_aggregated_order
2015-06-27 10:46: End backup table: sales_invoiced_aggregated_order
2015-06-27 10:46: Start backup table: sales_order_aggregated_created
2015-06-27 10:46: End backup table: sales_order_aggregated_created
2015-06-27 10:46: Start backup table: sales_order_aggregated_updated
2015-06-27 10:46: End backup table: sales_order_aggregated_updated
2015-06-27 10:46: Start backup table: sales_order_status
2015-06-27 10:46: End backup table: sales_order_status
2015-06-27 10:46: Start backup table: sales_order_status_label
2015-06-27 10:46: End backup table: sales_order_status_label
2015-06-27 10:46: Start backup table: sales_order_status_state
2015-06-27 10:46: End backup table: sales_order_status_state
2015-06-27 10:46: Start backup table: sales_order_tax
2015-06-27 10:46: End backup table: sales_order_tax
2015-06-27 10:46: Start backup table: sales_order_tax_item
2015-06-27 10:46: End backup table: sales_order_tax_item
2015-06-27 10:46: Start backup table: sales_payment_transaction
2015-06-27 10:46: End backup table: sales_payment_transaction
2015-06-27 10:46: Start backup table: sales_recurring_profile
2015-06-27 10:46: End backup table: sales_recurring_profile
2015-06-27 10:46: Start backup table: sales_recurring_profile_order
2015-06-27 10:46: End backup table: sales_recurring_profile_order
2015-06-27 10:46: Start backup table: sales_refunded_aggregated
2015-06-27 10:46: End backup table: sales_refunded_aggregated
2015-06-27 10:46: Start backup table: sales_refunded_aggregated_order
2015-06-27 10:46: End backup table: sales_refunded_aggregated_order
2015-06-27 10:46: Start backup table: sales_shipping_aggregated
2015-06-27 10:46: End backup table: sales_shipping_aggregated
2015-06-27 10:46: Start backup table: sales_shipping_aggregated_order
2015-06-27 10:46: End backup table: sales_shipping_aggregated_order
2015-06-27 10:46: Start backup table: salesrule
2015-06-27 10:46: End backup table: salesrule
2015-06-27 10:46: Start backup table: salesrule_coupon
2015-06-27 10:46: End backup table: salesrule_coupon
2015-06-27 10:46: Start backup table: salesrule_coupon_usage
2015-06-27 10:46: End backup table: salesrule_coupon_usage
2015-06-27 10:46: Start backup table: salesrule_customer
2015-06-27 10:46: End backup table: salesrule_customer
2015-06-27 10:46: Start backup table: salesrule_customer_group
2015-06-27 10:46: End backup table: salesrule_customer_group
2015-06-27 10:46: Start backup table: salesrule_label
2015-06-27 10:46: End backup table: salesrule_label
2015-06-27 10:46: Start backup table: salesrule_product_attribute
2015-06-27 10:46: End backup table: salesrule_product_attribute
2015-06-27 10:46: Start backup table: salesrule_website
2015-06-27 10:46: End backup table: salesrule_website
2015-06-27 10:46: Start backup table: sendfriend_log
2015-06-27 10:46: End backup table: sendfriend_log
2015-06-27 10:46: Start backup table: shipping_tablerate
2015-06-27 10:46: End backup table: shipping_tablerate
2015-06-27 10:46: Start backup table: sitemap
2015-06-27 10:46: End backup table: sitemap
2015-06-27 10:46: Start backup table: tag
2015-06-27 10:46: End backup table: tag
2015-06-27 10:46: Start backup table: tag_properties
2015-06-27 10:46: End backup table: tag_properties
2015-06-27 10:46: Start backup table: tag_relation
2015-06-27 10:46: End backup table: tag_relation
2015-06-27 10:46: Start backup table: tag_summary
2015-06-27 10:46: End backup table: tag_summary
2015-06-27 10:46: Start backup table: tax_calculation
2015-06-27 10:46: End backup table: tax_calculation
2015-06-27 10:46: Start backup table: tax_calculation_rate
2015-06-27 10:46: End backup table: tax_calculation_rate
2015-06-27 10:46: Start backup table: tax_calculation_rate_title
2015-06-27 10:46: End backup table: tax_calculation_rate_title
2015-06-27 10:46: Start backup table: tax_calculation_rule
2015-06-27 10:46: End backup table: tax_calculation_rule
2015-06-27 10:46: Start backup table: tax_class
2015-06-27 10:46: End backup table: tax_class
2015-06-27 10:46: Start backup table: tax_order_aggregated_created
2015-06-27 10:46: End backup table: tax_order_aggregated_created
2015-06-27 10:46: Start backup table: tax_order_aggregated_updated
2015-06-27 10:46: End backup table: tax_order_aggregated_updated
2015-06-27 10:46: Start backup table: weee_discount
2015-06-27 10:46: End backup table: weee_discount
2015-06-27 10:46: Start backup table: weee_tax
2015-06-27 10:46: End backup table: weee_tax
2015-06-27 10:46: Start backup table: widget
2015-06-27 10:46: End backup table: widget
2015-06-27 10:46: Start backup table: widget_instance
2015-06-27 10:46: End backup table: widget_instance
2015-06-27 10:46: Start backup table: widget_instance_page
2015-06-27 10:46: End backup table: widget_instance_page
2015-06-27 10:46: Start backup table: widget_instance_page_layout
2015-06-27 10:46: End backup table: widget_instance_page_layout
2015-06-27 10:46: Start backup table: wishlist
2015-06-27 10:46: End backup table: wishlist
2015-06-27 10:46: Start backup table: wishlist_item
2015-06-27 10:46: End backup table: wishlist_item
2015-06-27 10:46: Start backup table: wishlist_item_option
2015-06-27 10:46: End backup table: wishlist_item_option
2015-06-27 10:46: End backup database
2015-06-27 10:46: Start backup files
2015-06-27 10:46: Backup files: app,js,lib,media,skin,var,app/code/community/BackupGuard/BackupGuardFree/sg_backups/sg_backup_20150627104452/sg_backup_20150627104452.sql
2015-06-27 10:46: Number of files to backup: 15272
2015-06-27 10:46: Start backup file: app
2015-06-27 10:47: Backup cancelled
